<?xml version="1.0" encoding="UTF-8"?>
<!-- Generated by org.testng.reporters.JUnitReportReporter -->
<testsuite skipped="0" hostname="SaurabhGargMac.local" name="web.login.VerifyLoginWithValidCredentials" tests="1" failures="0" timestamp="19 Jul 2020 11:48:03 GMT" time="3.572" errors="0">
  <testcase name="loginWithValidCred" time="3.572" classname="web.login.VerifyLoginWithValidCredentials"/>
</testsuite> <!-- web.login.VerifyLoginWithValidCredentials -->
